0 info it worked if it ends with ok
1 verbose cli [ 'C:\\Program Files\\nodejs\\\\node.exe',
1 verbose cli   'C:\\Program Files\\nodejs\\node_modules\\npm\\bin\\npm-cli.js',
1 verbose cli   'publish' ]
2 info using npm@2.5.1
3 info using node@v0.12.0
4 verbose node symlink C:\Program Files\nodejs\\node.exe
5 verbose publish [ '.' ]
6 silly cache add args [ '.', null ]
7 verbose cache add spec .
8 silly cache add parsed spec { raw: '.',
8 silly cache add   scope: null,
8 silly cache add   name: null,
8 silly cache add   rawSpec: '.',
8 silly cache add   spec: 'C:\\Users\\Andre\\jinx',
8 silly cache add   type: 'directory' }
9 verbose addLocalDirectory C:\Users\Andre\AppData\Roaming\npm-cache\jinx\0.1.1\package.tgz not in flight; packing
10 verbose tar pack [ 'C:\\Users\\Andre\\AppData\\Roaming\\npm-cache\\jinx\\0.1.1\\package.tgz',
10 verbose tar pack   'C:\\Users\\Andre\\jinx' ]
11 verbose tarball C:\Users\Andre\AppData\Roaming\npm-cache\jinx\0.1.1\package.tgz
12 verbose folder C:\Users\Andre\jinx
13 info prepublish jinx@0.1.1
14 verbose addLocalTarball adding from inside cache C:\Users\Andre\AppData\Roaming\npm-cache\jinx\0.1.1\package.tgz
15 silly cache afterAdd jinx@0.1.1
16 verbose afterAdd C:\Users\Andre\AppData\Roaming\npm-cache\jinx\0.1.1\package\package.json not in flight; writing
17 verbose afterAdd C:\Users\Andre\AppData\Roaming\npm-cache\jinx\0.1.1\package\package.json written
18 silly publish { name: 'jinx',
18 silly publish   version: '0.1.1',
18 silly publish   dependencies: {},
18 silly publish   main: 'jinx.as',
18 silly publish   scripts: { test: 'gulp test' },
18 silly publish   devDependencies:
18 silly publish    { 'babel-loader': '~4.0.0',
18 silly publish      'browser-sync': '~2.1.4',
18 silly publish      'browser-sync-spa': '~1.0.1',
18 silly publish      chalk: '~0.5.1',
18 silly publish      'concat-stream': '~1.4.7',
18 silly publish      del: '~1.1.1',
18 silly publish      gulp: '~3.8.10',
18 silly publish      'gulp-autoprefixer': '~2.1.0',
18 silly publish      'gulp-csso': '~1.0.0',
18 silly publish      'gulp-filter': '~2.0.2',
18 silly publish      'gulp-flash': '^1.0.4-1',
18 silly publish      'gulp-flatten': '~0.0.4',
18 silly publish      'gulp-inject': '~1.1.1',
18 silly publish      'gulp-load-plugins': '~0.8.0',
18 silly publish      'gulp-minify-html': '~0.1.7',
18 silly publish      'gulp-protractor': '~0.0.12',
18 silly publish      'gulp-rename': '~1.2.0',
18 silly publish      'gulp-replace': '~0.5.0',
18 silly publish      'gulp-rev': '~3.0.1',
18 silly publish      'gulp-rev-replace': '~0.3.1',
18 silly publish      'gulp-sass': '~1.3.0',
18 silly publish      'gulp-size': '~1.2.0',
18 silly publish      'gulp-sourcemaps': '~1.3.0',
18 silly publish      'gulp-uglify': '~1.1.0',
18 silly publish      'gulp-useref': '~1.1.0',
18 silly publish      'gulp-util': '~3.0.2',
18 silly publish      'gulp-webpack': '~1.2.0',
18 silly publish      'http-proxy': '~1.8.0',
18 silly publish      lodash: '~3.2.0',
18 silly publish      'main-bower-files': '~2.5.0',
18 silly publish      'merge-stream': '~0.1.7',
18 silly publish      protractor: '~1.7.0',
18 silly publish      'require-dir': '~0.1.0',
18 silly publish      'uglify-save-license': '~0.4.1',
18 silly publish      wiredep: '~2.2.0',
18 silly publish      wrench: '~1.5.8' },
18 silly publish   engines: { node: '>=0.10.0' },
18 silly publish   readme: '# ![Imgur](http://i.imgur.com/FHjshUv.png)\n\nJinx is an AS3 API, that make AS3 simpler and easy-to-use. \nInspired on jQuery.\n\nExample :\n```javascript\n// as3 vanilla\nmyButton.addEventListener(MouseEvent.CLICK, myClickReaction);\n\nfunction myClickReaction (e:MouseEvent):void{\n\ttrace("Clicked!");\n}\n\n// jinx\nmyButton.$click(function(){\n\ttrace("Clicked!");\n});\n```\n\nChaning Functions Example:\n```javascript\n// as3 vanilla\nmyMc.addEventListener(Event.ENTER_FRAME, function(e:Event){\n\te.target.x += 0.5;\n});\n\nmyMc.addEventListener(MouseEvent.MOUSE_OVER, function(e:Event){\n\ttrace("Hover!");\n});\n\nmyMc.gotoAndStop(3);\nmyMc.visible = true;\n\n// jinx\nmyMc.$enterFrame(function(){\n\tthis.x += 0.5;\n}).$hover(function(){\n\ttrace("Hover!");\n}).$gotoAndStop(3).$show();\n\n```\n\n### Project Road : \n\n- [x] Create Repo\n- [x] Create test environment in GulpJS using [gulp-flash](https://github.com/webcaetano/gulp-flash)\n- [ ] Add to [NPM](https://www.npmjs.com)\n- [ ] Create Documentation\n- [ ] Make Examples\n- [ ] Create API for load AS Plugins and SWC from [NPM](https://www.npmjs.com)\n\nAny ideias? Issues? Have some improvment? Please help us, and make part of this API. :+1:\n\n\n---------------------------------\n\nThe MIT [License](https://raw.githubusercontent.com/webcaetano/jinx/master/LICENSE.md)\n',
18 silly publish   readmeFilename: 'README.md',
18 silly publish   gitHead: '761b67839ea5372a4b35e6fc87d651ea7c6f6b40',
18 silly publish   description: 'Jinx is an AS3 API, that make AS3 simpler and easy-to-use.  Inspired on jQuery.',
18 silly publish   _id: 'jinx@0.1.1',
18 silly publish   _shasum: '1362a2a2457d9bd303d113c190977af2c8aaabd5',
18 silly publish   _from: '.' }
19 silly mapToRegistry name jinx
20 silly mapToRegistry using default registry
21 silly mapToRegistry registry https://registry.npmjs.org/
22 silly mapToRegistry uri https://registry.npmjs.org/jinx
23 verbose publish registryBase https://registry.npmjs.org/
24 silly publish uploading C:\Users\Andre\AppData\Roaming\npm-cache\jinx\0.1.1\package.tgz
25 verbose request uri https://registry.npmjs.org/jinx
26 verbose request sending authorization for write operation
27 info attempt registry request try #1 at 12:44:14 AM
28 verbose request using bearer token for auth
29 verbose request id 96bde790b315073b
30 http request PUT https://registry.npmjs.org/jinx
31 http 404 https://registry.npmjs.org/jinx
32 verbose headers { 'content-type': 'application/json',
32 verbose headers   'cache-control': 'max-age=0',
32 verbose headers   'content-length': '21',
32 verbose headers   'accept-ranges': 'bytes',
32 verbose headers   date: 'Sun, 03 May 2015 03:44:15 GMT',
32 verbose headers   via: '1.1 varnish',
32 verbose headers   connection: 'keep-alive',
32 verbose headers   'x-served-by': 'cache-atl6226-ATL',
32 verbose headers   'x-cache': 'MISS',
32 verbose headers   'x-cache-hits': '0',
32 verbose headers   'x-timer': 'S1430624654.599657,VS0,VE915' }
33 verbose request invalidating C:\Users\Andre\AppData\Roaming\npm-cache\registry.npmjs.org\jinx on PUT
34 error publish Failed PUT 404
35 verbose stack Error: Not found : jinx
35 verbose stack     at CachingRegistryClient.<anonymous> (C:\Program Files\nodejs\node_modules\npm\node_modules\npm-registry-client\lib\request.js:254:14)
35 verbose stack     at Request._callback (C:\Program Files\nodejs\node_modules\npm\node_modules\npm-registry-client\lib\request.js:178:14)
35 verbose stack     at Request.self.callback (C:\Program Files\nodejs\node_modules\npm\node_modules\request\request.js:344:22)
35 verbose stack     at Request.emit (events.js:110:17)
35 verbose stack     at Request.<anonymous> (C:\Program Files\nodejs\node_modules\npm\node_modules\request\request.js:1239:14)
35 verbose stack     at Request.emit (events.js:129:20)
35 verbose stack     at IncomingMessage.<anonymous> (C:\Program Files\nodejs\node_modules\npm\node_modules\request\request.js:1187:12)
35 verbose stack     at IncomingMessage.emit (events.js:129:20)
35 verbose stack     at _stream_readable.js:908:16
35 verbose stack     at process._tickCallback (node.js:355:11)
36 verbose statusCode 404
37 verbose pkgid jinx
38 verbose cwd C:\Users\Andre\jinx
39 error Windows_NT 6.3.9600
40 error argv "C:\\Program Files\\nodejs\\\\node.exe" "C:\\Program Files\\nodejs\\node_modules\\npm\\bin\\npm-cli.js" "publish"
41 error node v0.12.0
42 error npm  v2.5.1
43 error code E404
44 error 404 Not found : jinx
44 error 404
44 error 404 'jinx' is not in the npm registry.
44 error 404 You should bug the author to publish it (or use the name yourself!)
44 error 404
44 error 404 Note that you can also install from a
44 error 404 tarball, folder, http url, or git url.
45 verbose exit [ 1, true ]
